-------------------------------------------------------------------------------
Test set: br.com.geofusion.cart.controllers.ShoppingCartFactoryControllerTest
-------------------------------------------------------------------------------
Tests run: 1, Failures: 0, Errors: 1, Skipped: 0, Time elapsed: 0.095 s <<< FAILURE! - in br.com.geofusion.cart.controllers.ShoppingCartFactoryControllerTest
postCart  Time elapsed: 0.095 s  <<< ERROR!
java.lang.NoClassDefFoundError: io/restassured/mapper/factory/GsonObjectMapperFactory
	at br.com.geofusion.cart.controllers.ShoppingCartFactoryControllerTest.postCart(ShoppingCartFactoryControllerTest.java:13)
Caused by: java.lang.ClassNotFoundException: io.restassured.mapper.factory.GsonObjectMapperFactory
	at br.com.geofusion.cart.controllers.ShoppingCartFactoryControllerTest.postCart(ShoppingCartFactoryControllerTest.java:13)

